Line 226: Class XtremeSkinFramework.SkinFramework of control Skin was not a loaded control class.
Line 28: Cannot load control G4; license not found.
Line 39: Cannot load control PB; license not found.
Line 53: Cannot load control G3; license not found.
Line 65: Cannot load control C5; license not found.
Line 78: Cannot load control C4; license not found.
Line 91: Cannot load control C3; license not found.
Line 104: Cannot load control C2; license not found.
Line 117: Cannot load control C1; license not found.
Line 131: Cannot load control G1; license not found.
Line 142: Cannot load control cmdExit; license not found.
Line 156: Cannot load control cmdAcerca; license not found.
Line 170: Cannot load control cmdComprador; license not found.
Line 184: Cannot load control cmdCrypt; license not found.
Line 198: Cannot load control cmdBuscar; license not found.
Line 211: Cannot load control txtfile; license not found.
Line 229: The property name _Version in Skin is invalid.
Line 230: The property name _ExtentX in Skin is invalid.
Line 231: The property name _ExtentY in Skin is invalid.
Line 232: The property name _StockProps in Skin is invalid.
Line 234: Cannot load control G2; license not found.
Line 246: Cannot load control O10; license not found.
Line 259: Cannot load control O9; license not found.
Line 272: Cannot load control O8; license not found.
Line 285: Cannot load control O7; license not found.
Line 298: Cannot load control O6; license not found.
Line 311: Cannot load control O5; license not found.
Line 324: Cannot load control O4; license not found.
Line 337: Cannot load control O3; license not found.
Line 350: Cannot load control O2; license not found.
Line 363: Cannot load control O1; license not found.
Line 377: Cannot load control CDI; license not found.
Line 385: Cannot load control CD; license not found.
Line 393: Cannot load control TI; license not found.
