Line 37: Class Ilykriptor.chameleonButton of control chameleonButton2 was not a loaded control class.
Line 75: Class Ilykriptor.chameleonButton of control chameleonButton4 was not a loaded control class.
Line 125: Class Ilykriptor.chameleonButton of control chameleonButton5 was not a loaded control class.
Line 163: Class Ilykriptor.chameleonButton of control chameleonButton6 was not a loaded control class.
Line 215: Class Ilykriptor.chameleonButton of control chameleonButton1 was not a loaded control class.
Line 309: Class Ilykriptor.chameleonButton of control chameleonButton3 was not a loaded control class.
Line 43: The property name _ExtentX in chameleonButton2 is invalid.
Line 44: The property name _ExtentY in chameleonButton2 is invalid.
Line 45: The property name BTYPE in chameleonButton2 is invalid.
Line 46: The property name TX in chameleonButton2 is invalid.
Line 47: The property name ENAB in chameleonButton2 is invalid.
Line 57: The property name COLTYPE in chameleonButton2 is invalid.
Line 58: The property name FOCUSR in chameleonButton2 is invalid.
Line 59: The property name BCOL in chameleonButton2 is invalid.
Line 60: The property name BCOLO in chameleonButton2 is invalid.
Line 61: The property name FCOL in chameleonButton2 is invalid.
Line 62: The property name FCOLO in chameleonButton2 is invalid.
Line 63: The property name MCOL in chameleonButton2 is invalid.
Line 64: The property name MPTR in chameleonButton2 is invalid.
Line 65: The property name MICON in chameleonButton2 is invalid.
Line 66: The property name UMCOL in chameleonButton2 is invalid.
Line 67: The property name SOFT in chameleonButton2 is invalid.
Line 68: The property name PICPOS in chameleonButton2 is invalid.
Line 69: The property name NGREY in chameleonButton2 is invalid.
Line 70: The property name FX in chameleonButton2 is invalid.
Line 71: The property name HAND in chameleonButton2 is invalid.
Line 72: The property name CHECK in chameleonButton2 is invalid.
Line 73: The property name VALUE in chameleonButton2 is invalid.
Line 81: The property name _ExtentX in chameleonButton4 is invalid.
Line 82: The property name _ExtentY in chameleonButton4 is invalid.
Line 83: The property name BTYPE in chameleonButton4 is invalid.
Line 84: The property name TX in chameleonButton4 is invalid.
Line 85: The property name ENAB in chameleonButton4 is invalid.
Line 95: The property name COLTYPE in chameleonButton4 is invalid.
Line 96: The property name FOCUSR in chameleonButton4 is invalid.
Line 97: The property name BCOL in chameleonButton4 is invalid.
Line 98: The property name BCOLO in chameleonButton4 is invalid.
Line 99: The property name FCOL in chameleonButton4 is invalid.
Line 100: The property name FCOLO in chameleonButton4 is invalid.
Line 101: The property name MCOL in chameleonButton4 is invalid.
Line 102: The property name MPTR in chameleonButton4 is invalid.
Line 103: The property name MICON in chameleonButton4 is invalid.
Line 104: The property name UMCOL in chameleonButton4 is invalid.
Line 105: The property name SOFT in chameleonButton4 is invalid.
Line 106: The property name PICPOS in chameleonButton4 is invalid.
Line 107: The property name NGREY in chameleonButton4 is invalid.
Line 108: The property name FX in chameleonButton4 is invalid.
Line 109: The property name HAND in chameleonButton4 is invalid.
Line 110: The property name CHECK in chameleonButton4 is invalid.
Line 111: The property name VALUE in chameleonButton4 is invalid.
Line 131: The property name _ExtentX in chameleonButton5 is invalid.
Line 132: The property name _ExtentY in chameleonButton5 is invalid.
Line 133: The property name BTYPE in chameleonButton5 is invalid.
Line 134: The property name TX in chameleonButton5 is invalid.
Line 135: The property name ENAB in chameleonButton5 is invalid.
Line 145: The property name COLTYPE in chameleonButton5 is invalid.
Line 146: The property name FOCUSR in chameleonButton5 is invalid.
Line 147: The property name BCOL in chameleonButton5 is invalid.
Line 148: The property name BCOLO in chameleonButton5 is invalid.
Line 149: The property name FCOL in chameleonButton5 is invalid.
Line 150: The property name FCOLO in chameleonButton5 is invalid.
Line 151: The property name MCOL in chameleonButton5 is invalid.
Line 152: The property name MPTR in chameleonButton5 is invalid.
Line 153: The property name MICON in chameleonButton5 is invalid.
Line 154: The property name UMCOL in chameleonButton5 is invalid.
Line 155: The property name SOFT in chameleonButton5 is invalid.
Line 156: The property name PICPOS in chameleonButton5 is invalid.
Line 157: The property name NGREY in chameleonButton5 is invalid.
Line 158: The property name FX in chameleonButton5 is invalid.
Line 159: The property name HAND in chameleonButton5 is invalid.
Line 160: The property name CHECK in chameleonButton5 is invalid.
Line 161: The property name VALUE in chameleonButton5 is invalid.
Line 169: The property name _ExtentX in chameleonButton6 is invalid.
Line 170: The property name _ExtentY in chameleonButton6 is invalid.
Line 171: The property name BTYPE in chameleonButton6 is invalid.
Line 172: The property name TX in chameleonButton6 is invalid.
Line 173: The property name ENAB in chameleonButton6 is invalid.
Line 183: The property name COLTYPE in chameleonButton6 is invalid.
Line 184: The property name FOCUSR in chameleonButton6 is invalid.
Line 185: The property name BCOL in chameleonButton6 is invalid.
Line 186: The property name BCOLO in chameleonButton6 is invalid.
Line 187: The property name FCOL in chameleonButton6 is invalid.
Line 188: The property name FCOLO in chameleonButton6 is invalid.
Line 189: The property name MCOL in chameleonButton6 is invalid.
Line 190: The property name MPTR in chameleonButton6 is invalid.
Line 191: The property name MICON in chameleonButton6 is invalid.
Line 192: The property name UMCOL in chameleonButton6 is invalid.
Line 193: The property name SOFT in chameleonButton6 is invalid.
Line 194: The property name PICPOS in chameleonButton6 is invalid.
Line 195: The property name NGREY in chameleonButton6 is invalid.
Line 196: The property name FX in chameleonButton6 is invalid.
Line 197: The property name HAND in chameleonButton6 is invalid.
Line 198: The property name CHECK in chameleonButton6 is invalid.
Line 199: The property name VALUE in chameleonButton6 is invalid.
Line 221: The property name _ExtentX in chameleonButton1 is invalid.
Line 222: The property name _ExtentY in chameleonButton1 is invalid.
Line 223: The property name BTYPE in chameleonButton1 is invalid.
Line 224: The property name TX in chameleonButton1 is invalid.
Line 225: The property name ENAB in chameleonButton1 is invalid.
Line 235: The property name COLTYPE in chameleonButton1 is invalid.
Line 236: The property name FOCUSR in chameleonButton1 is invalid.
Line 237: The property name BCOL in chameleonButton1 is invalid.
Line 238: The property name BCOLO in chameleonButton1 is invalid.
Line 239: The property name FCOL in chameleonButton1 is invalid.
Line 240: The property name FCOLO in chameleonButton1 is invalid.
Line 241: The property name MCOL in chameleonButton1 is invalid.
Line 242: The property name MPTR in chameleonButton1 is invalid.
Line 243: The property name MICON in chameleonButton1 is invalid.
Line 244: The property name UMCOL in chameleonButton1 is invalid.
Line 245: The property name SOFT in chameleonButton1 is invalid.
Line 246: The property name PICPOS in chameleonButton1 is invalid.
Line 247: The property name NGREY in chameleonButton1 is invalid.
Line 248: The property name FX in chameleonButton1 is invalid.
Line 249: The property name HAND in chameleonButton1 is invalid.
Line 250: The property name CHECK in chameleonButton1 is invalid.
Line 251: The property name VALUE in chameleonButton1 is invalid.
Line 315: The property name _ExtentX in chameleonButton3 is invalid.
Line 316: The property name _ExtentY in chameleonButton3 is invalid.
Line 317: The property name BTYPE in chameleonButton3 is invalid.
Line 318: The property name TX in chameleonButton3 is invalid.
Line 319: The property name ENAB in chameleonButton3 is invalid.
Line 329: The property name COLTYPE in chameleonButton3 is invalid.
Line 330: The property name FOCUSR in chameleonButton3 is invalid.
Line 331: The property name BCOL in chameleonButton3 is invalid.
Line 332: The property name BCOLO in chameleonButton3 is invalid.
Line 333: The property name FCOL in chameleonButton3 is invalid.
Line 334: The property name FCOLO in chameleonButton3 is invalid.
Line 335: The property name MCOL in chameleonButton3 is invalid.
Line 336: The property name MPTR in chameleonButton3 is invalid.
Line 337: The property name MICON in chameleonButton3 is invalid.
Line 338: The property name UMCOL in chameleonButton3 is invalid.
Line 339: The property name SOFT in chameleonButton3 is invalid.
Line 340: The property name PICPOS in chameleonButton3 is invalid.
Line 341: The property name NGREY in chameleonButton3 is invalid.
Line 342: The property name FX in chameleonButton3 is invalid.
Line 343: The property name HAND in chameleonButton3 is invalid.
Line 344: The property name CHECK in chameleonButton3 is invalid.
Line 345: The property name VALUE in chameleonButton3 is invalid.
