Line 16: Class MSComDlg.CommonDialog of control CommonDialog1 was not a loaded control class.
Line 23: Class Lilith.chameleonButton of control chameleonButton3 was not a loaded control class.
Line 61: Class Lilith.chameleonButton of control chameleonButton2 was not a loaded control class.
Line 99: Class Lilith.chameleonButton of control chameleonButton1 was not a loaded control class.
Line 19: The property name _ExtentX in CommonDialog1 is invalid.
Line 20: The property name _ExtentY in CommonDialog1 is invalid.
Line 21: The property name _Version in CommonDialog1 is invalid.
Line 29: The property name _ExtentX in chameleonButton3 is invalid.
Line 30: The property name _ExtentY in chameleonButton3 is invalid.
Line 31: The property name BTYPE in chameleonButton3 is invalid.
Line 32: The property name TX in chameleonButton3 is invalid.
Line 33: The property name ENAB in chameleonButton3 is invalid.
Line 43: The property name COLTYPE in chameleonButton3 is invalid.
Line 44: The property name FOCUSR in chameleonButton3 is invalid.
Line 45: The property name BCOL in chameleonButton3 is invalid.
Line 46: The property name BCOLO in chameleonButton3 is invalid.
Line 47: The property name FCOL in chameleonButton3 is invalid.
Line 48: The property name FCOLO in chameleonButton3 is invalid.
Line 49: The property name MCOL in chameleonButton3 is invalid.
Line 50: The property name MPTR in chameleonButton3 is invalid.
Line 51: The property name MICON in chameleonButton3 is invalid.
Line 52: The property name UMCOL in chameleonButton3 is invalid.
Line 53: The property name SOFT in chameleonButton3 is invalid.
Line 54: The property name PICPOS in chameleonButton3 is invalid.
Line 55: The property name NGREY in chameleonButton3 is invalid.
Line 56: The property name FX in chameleonButton3 is invalid.
Line 57: The property name HAND in chameleonButton3 is invalid.
Line 58: The property name CHECK in chameleonButton3 is invalid.
Line 59: The property name VALUE in chameleonButton3 is invalid.
Line 67: The property name _ExtentX in chameleonButton2 is invalid.
Line 68: The property name _ExtentY in chameleonButton2 is invalid.
Line 69: The property name BTYPE in chameleonButton2 is invalid.
Line 70: The property name TX in chameleonButton2 is invalid.
Line 71: The property name ENAB in chameleonButton2 is invalid.
Line 81: The property name COLTYPE in chameleonButton2 is invalid.
Line 82: The property name FOCUSR in chameleonButton2 is invalid.
Line 83: The property name BCOL in chameleonButton2 is invalid.
Line 84: The property name BCOLO in chameleonButton2 is invalid.
Line 85: The property name FCOL in chameleonButton2 is invalid.
Line 86: The property name FCOLO in chameleonButton2 is invalid.
Line 87: The property name MCOL in chameleonButton2 is invalid.
Line 88: The property name MPTR in chameleonButton2 is invalid.
Line 89: The property name MICON in chameleonButton2 is invalid.
Line 90: The property name UMCOL in chameleonButton2 is invalid.
Line 91: The property name SOFT in chameleonButton2 is invalid.
Line 92: The property name PICPOS in chameleonButton2 is invalid.
Line 93: The property name NGREY in chameleonButton2 is invalid.
Line 94: The property name FX in chameleonButton2 is invalid.
Line 95: The property name HAND in chameleonButton2 is invalid.
Line 96: The property name CHECK in chameleonButton2 is invalid.
Line 97: The property name VALUE in chameleonButton2 is invalid.
Line 105: The property name _ExtentX in chameleonButton1 is invalid.
Line 106: The property name _ExtentY in chameleonButton1 is invalid.
Line 107: The property name BTYPE in chameleonButton1 is invalid.
Line 108: The property name TX in chameleonButton1 is invalid.
Line 109: The property name ENAB in chameleonButton1 is invalid.
Line 119: The property name COLTYPE in chameleonButton1 is invalid.
Line 120: The property name FOCUSR in chameleonButton1 is invalid.
Line 121: The property name BCOL in chameleonButton1 is invalid.
Line 122: The property name BCOLO in chameleonButton1 is invalid.
Line 123: The property name FCOL in chameleonButton1 is invalid.
Line 124: The property name FCOLO in chameleonButton1 is invalid.
Line 125: The property name MCOL in chameleonButton1 is invalid.
Line 126: The property name MPTR in chameleonButton1 is invalid.
Line 127: The property name MICON in chameleonButton1 is invalid.
Line 128: The property name UMCOL in chameleonButton1 is invalid.
Line 129: The property name SOFT in chameleonButton1 is invalid.
Line 130: The property name PICPOS in chameleonButton1 is invalid.
Line 131: The property name NGREY in chameleonButton1 is invalid.
Line 132: The property name FX in chameleonButton1 is invalid.
Line 133: The property name HAND in chameleonButton1 is invalid.
Line 134: The property name CHECK in chameleonButton1 is invalid.
Line 135: The property name VALUE in chameleonButton1 is invalid.
